<?xml version="1.0" encoding="UTF-8"?>
<testsuite name="SampleTest" tests="1" skipped="0" failures="0" errors="0" timestamp="2015-10-22T09:17:01" hostname="A-NUMADATE" time="0.007">
  <properties/>
  <testcase name="test" classname="SampleTest" time="0.007"/>
  <system-out><![CDATA[]]></system-out>
  <system-err><![CDATA[]]></system-err>
</testsuite>
